<?xml version="1.0" encoding="UTF-8"?>
<!-- Generated by org.testng.reporters.JUnitReportReporter -->
<testsuite hostname="EG-5CD03451NV" failures="0" tests="1" name="testcases.ControlIdTest" time="12.445" errors="0" timestamp="2023-06-13T18:01:40 EET" skipped="0">
  <testcase classname="testcases.ControlIdTest" name="test_ff" time="12.445"/>
  <system-out/>
</testsuite> <!-- testcases.ControlIdTest -->
