<?xml version="1.0" encoding="UTF-8"?>
<!-- Generated by org.testng.reporters.JUnitReportReporter -->
<testsuite hostname="EG-CND60820RG" failures="0" tests="1" name="testcases.ControlIdTest" time="6.920" errors="0" timestamp="2022-04-26T17:44:28 EET" skipped="0">
  <testcase classname="testcases.ControlIdTest" name="test_ch" time="6.920"/>
  <system-out/>
</testsuite> <!-- testcases.ControlIdTest -->
