<?xml version="1.0" encoding="UTF-8"?>
<!-- Generated by org.testng.reporters.JUnitReportReporter -->
<testsuite hostname="EGCNU21221Y1" failures="0" tests="1" name="testcases.ControlIdTest" time="21.578" errors="0" timestamp="2020-09-03T19:22:46 EET" skipped="0">
  <testcase classname="testcases.ControlIdTest" name="test1" time="21.578"/>
  <system-out/>
</testsuite> <!-- testcases.ControlIdTest -->
