<?xml version="1.0" encoding="UTF-8"?>
<!-- Generated by org.testng.reporters.JUnitReportReporter -->
<testsuite hostname="EGCNU21221Y1" failures="0" tests="1" name="testcases.ControlIdTest" time="22.561" errors="0" timestamp="2020-09-03T14:13:33 EET" skipped="0">
  <testcase classname="testcases.ControlIdTest" name="test1" time="22.561"/>
  <system-out/>
</testsuite> <!-- testcases.ControlIdTest -->
