<?xml version="1.0" encoding="UTF-8"?>
<!-- Generated by org.testng.reporters.JUnitReportReporter -->
<testsuite hostname="EG-CND1181V4B" failures="0" tests="1" name="testcases.ControlIdTest" time="6.726" errors="0" timestamp="2025-02-18T16:15:43 EET" skipped="0">
  <testcase classname="testcases.ControlIdTest" name="test_localBrowser" time="6.726"/>
  <system-out/>
</testsuite> <!-- testcases.ControlIdTest -->
