<?xml version="1.0" encoding="UTF-8"?>
<!-- Generated by org.testng.reporters.JUnitReportReporter -->
<testsuite hostname="EG-CND60820RG" failures="0" tests="1" name="testcases.ControlIdTest" time="26.604" errors="0" timestamp="2022-04-20T12:48:50 EET" skipped="0">
  <testcase classname="testcases.ControlIdTest" name="test1" time="26.604"/>
  <system-out/>
</testsuite> <!-- testcases.ControlIdTest -->
