<?xml version="1.0" encoding="UTF-8"?>
<!-- Generated by org.testng.reporters.JUnitReportReporter -->
<testsuite hostname="EG-5CD03451NV" failures="0" tests="1" name="testcases.ControlIdTest" time="9.195" errors="0" timestamp="2023-09-14T18:21:27 EET" skipped="0">
  <testcase classname="testcases.ControlIdTest" name="test_ch" time="9.195"/>
  <system-out/>
</testsuite> <!-- testcases.ControlIdTest -->
